<?xml version="1.0" encoding="UTF-8"?>
<testsuite name="IframeToolsQA" tests="1" skipped="0" failures="0" errors="0" timestamp="2018-07-12T14:33:00" hostname="WINIB-P46MQVLBU" time="10.767">
  <properties/>
  <testcase name="test1" classname="IframeToolsQA" time="10.767"/>
  <system-out><![CDATA[]]></system-out>
  <system-err><![CDATA[Starting ChromeDriver 2.40.565498 (ea082db3280dd6843ebfb08a625e3eb905c4f5ab) on port 22094
Only local connections are allowed.
juil. 12, 2018 4:33:02 PM org.openqa.selenium.remote.ProtocolHandshake createSession
INFOS: Detected dialect: OSS
]]></system-err>
</testsuite>
